# JRE version: OpenJDK Runtime Environment (11.0.10) (build 11.0.10+0-b96-7249189)
# Java VM: OpenJDK 64-Bit Server VM (11.0.10+0-b96-7249189, mixed mode, tiered, compressed oops, g1 gc, windows-amd64)
Heap:
 garbage-first heap   total 306176K, used 184909K [0x0000000080000000, 0x0000000100000000)
  region size 1024K, 72 young (73728K), 10 survivors (10240K)
 Metaspace       used 108988K, capacity 111695K, committed 111948K, reserved 1146880K
  class space    used 13393K, capacity 14347K, committed 14412K, reserved 1048576K
GC Heap History (20 events):
Event: 9.563 GC heap before
{Heap before GC invocations=11 (full 0):
 garbage-first heap   total 254976K, used 117254K [0x0000000080000000, 0x0000000100000000)
  region size 1024K, 86 young (88064K), 13 survivors (13312K)
 Metaspace       used 58741K, capacity 60101K, committed 60160K, reserved 1101824K
  class space    used 7439K, capacity 7923K, committed 7936K, reserved 1048576K
}
Event: 9.586 GC heap after
{Heap after GC invocations=12 (full 0):
 garbage-first heap   total 254976K, used 50176K [0x0000000080000000, 0x0000000100000000)
  region size 1024K, 16 young (16384K), 16 survivors (16384K)
 Metaspace       used 58741K, capacity 60101K, committed 60160K, reserved 1101824K
  class space    used 7439K, capacity 7923K, committed 7936K, reserved 1048576K
}
Event: 11.351 GC heap before
{Heap before GC invocations=13 (full 0):
 garbage-first heap   total 254976K, used 158720K [0x0000000080000000, 0x0000000100000000)
  region size 1024K, 122 young (124928K), 16 survivors (16384K)
 Metaspace       used 69513K, capacity 71115K, committed 71372K, reserved 1112064K
  class space    used 8966K, capacity 9556K, committed 9676K, reserved 1048576K
}
Event: 11.380 GC heap after
{Heap after GC invocations=14 (full 0):
 garbage-first heap   total 254976K, used 56536K [0x0000000080000000, 0x0000000100000000)
  region size 1024K, 13 young (13312K), 13 survivors (13312K)
 Metaspace       used 69513K, capacity 71115K, committed 71372K, reserved 1112064K
  class space    used 8966K, capacity 9556K, committed 9676K, reserved 1048576K
}
Event: 13.501 GC heap before
{Heap before GC invocations=15 (full 0):
 garbage-first heap   total 254976K, used 172248K [0x0000000080000000, 0x0000000100000000)
  region size 1024K, 127 young (130048K), 13 survivors (13312K)
 Metaspace       used 78776K, capacity 80625K, committed 80844K, reserved 1120256K
  class space    used 10235K, capacity 10905K, committed 10956K, reserved 1048576K
}
Event: 13.526 GC heap after
{Heap after GC invocations=16 (full 0):
 garbage-first heap   total 254976K, used 63467K [0x0000000080000000, 0x0000000100000000)
  region size 1024K, 15 young (15360K), 15 survivors (15360K)
 Metaspace       used 78776K, capacity 80625K, committed 80844K, reserved 1120256K
  class space    used 10235K, capacity 10905K, committed 10956K, reserved 1048576K
}
Event: 16.104 GC heap before
{Heap before GC invocations=16 (full 0):
 garbage-first heap   total 254976K, used 183275K [0x0000000080000000, 0x0000000100000000)
  region size 1024K, 131 young (134144K), 15 survivors (15360K)
 Metaspace       used 80968K, capacity 82892K, committed 83148K, reserved 1122304K
  class space    used 10449K, capacity 11135K, committed 11212K, reserved 1048576K
}
Event: 16.130 GC heap after
{Heap after GC invocations=17 (full 0):
 garbage-first heap   total 306176K, used 69320K [0x0000000080000000, 0x0000000100000000)
  region size 1024K, 12 young (12288K), 12 survivors (12288K)
 Metaspace       used 80968K, capacity 82892K, committed 83148K, reserved 1122304K
  class space    used 10449K, capacity 11135K, committed 11212K, reserved 1048576K
}
Event: 40.317 GC heap before
{Heap before GC invocations=17 (full 0):
 garbage-first heap   total 306176K, used 207560K [0x0000000080000000, 0x0000000100000000)
  region size 1024K, 148 young (151552K), 12 survivors (12288K)
 Metaspace       used 85398K, capacity 87470K, committed 87500K, reserved 1126400K
  class space    used 10764K, capacity 11439K, committed 11468K, reserved 1048576K
}
Event: 40.344 GC heap after
{Heap after GC invocations=18 (full 0):
 garbage-first heap   total 306176K, used 75776K [0x0000000080000000, 0x0000000100000000)
  region size 1024K, 12 young (12288K), 12 survivors (12288K)
 Metaspace       used 85398K, capacity 87470K, committed 87500K, reserved 1126400K
  class space    used 10764K, capacity 11439K, committed 11468K, reserved 1048576K
}
Event: 42.350 GC heap before
{Heap before GC invocations=18 (full 0):
 garbage-first heap   total 306176K, used 227328K [0x0000000080000000, 0x0000000100000000)
  region size 1024K, 158 young (161792K), 12 survivors (12288K)
 Metaspace       used 85974K, capacity 87958K, committed 88012K, reserved 1126400K
  class space    used 10778K, capacity 11446K, committed 11468K, reserved 1048576K
}
Event: 42.386 GC heap after
{Heap after GC invocations=19 (full 0):
 garbage-first heap   total 306176K, used 93076K [0x0000000080000000, 0x0000000100000000)
  region size 1024K, 20 young (20480K), 20 survivors (20480K)
 Metaspace       used 85974K, capacity 87958K, committed 88012K, reserved 1126400K
  class space    used 10778K, capacity 11446K, committed 11468K, reserved 1048576K
}
Event: 44.720 GC heap before
{Heap before GC invocations=19 (full 0):
 garbage-first heap   total 306176K, used 258964K [0x0000000080000000, 0x0000000100000000)
  region size 1024K, 159 young (162816K), 20 survivors (20480K)
 Metaspace       used 92995K, capacity 95253K, committed 95436K, reserved 1132544K
  class space    used 11393K, capacity 12151K, committed 12236K, reserved 1048576K
}
Event: 44.759 GC heap after
{Heap after GC invocations=20 (full 0):
 garbage-first heap   total 306176K, used 105472K [0x0000000080000000, 0x0000000100000000)
  region size 1024K, 11 young (11264K), 11 survivors (11264K)
 Metaspace       used 92995K, capacity 95253K, committed 95436K, reserved 1132544K
  class space    used 11393K, capacity 12151K, committed 12236K, reserved 1048576K
}
Event: 47.926 GC heap before
{Heap before GC invocations=20 (full 0):
 garbage-first heap   total 306176K, used 238592K [0x0000000080000000, 0x0000000100000000)
  region size 1024K, 142 young (145408K), 11 survivors (11264K)
 Metaspace       used 94249K, capacity 96488K, committed 96716K, reserved 1134592K
  class space    used 11467K, capacity 12219K, committed 12236K, reserved 1048576K
}
Event: 47.940 GC heap after
{Heap after GC invocations=21 (full 0):
 garbage-first heap   total 306176K, used 100864K [0x0000000080000000, 0x0000000100000000)
  region size 1024K, 3 young (3072K), 3 survivors (3072K)
 Metaspace       used 94249K, capacity 96488K, committed 96716K, reserved 1134592K
  class space    used 11467K, capacity 12219K, committed 12236K, reserved 1048576K
}
Event: 51.318 GC heap before
{Heap before GC invocations=21 (full 0):
 garbage-first heap   total 306176K, used 243200K [0x0000000080000000, 0x0000000100000000)
  region size 1024K, 143 young (146432K), 3 survivors (3072K)
 Metaspace       used 99224K, capacity 101425K, committed 101708K, reserved 1138688K
  class space    used 12049K, capacity 12830K, committed 12876K, reserved 1048576K
}
Event: 51.341 GC heap after
{Heap after GC invocations=22 (full 0):
 garbage-first heap   total 306176K, used 110786K [0x0000000080000000, 0x0000000100000000)
  region size 1024K, 13 young (13312K), 13 survivors (13312K)
 Metaspace       used 99224K, capacity 101425K, committed 101708K, reserved 1138688K
  class space    used 12049K, capacity 12830K, committed 12876K, reserved 1048576K
}
Event: 63.704 GC heap before
{Heap before GC invocations=22 (full 0):
 garbage-first heap   total 306176K, used 244930K [0x0000000080000000, 0x0000000100000000)
  region size 1024K, 144 young (147456K), 13 survivors (13312K)
 Metaspace       used 105081K, capacity 107552K, committed 107724K, reserved 1142784K
  class space    used 12836K, capacity 13676K, committed 13772K, reserved 1048576K
}
Event: 63.728 GC heap after
{Heap after GC invocations=23 (full 0):
 garbage-first heap   total 306176K, used 117325K [0x0000000080000000, 0x0000000100000000)
  region size 1024K, 10 young (10240K), 10 survivors (10240K)
 Metaspace       used 105081K, capacity 107552K, committed 107724K, reserved 1142784K
  class space    used 12836K, capacity 13676K, committed 13772K, reserved 1048576K
}

